<?xml version="1.0" encoding="UTF-8"?>
<!-- Generated by org.testng.reporters.JUnitReportReporter -->
<testsuite hostname="QT-INBG-LT1716" failures="0" tests="1" name="Signin" time="7.777" errors="0" timestamp="2022-09-19T12:30:59 IST" skipped="0">
  <testcase classname="Signin" name="register" time="7.777"/>
  <system-out/>
</testsuite> <!-- Signin -->
