<?xml version="1.0" encoding="UTF-8"?>
<!-- Generated by org.testng.reporters.JUnitReportReporter -->
<testsuite hostname="QT-INBG-LT1716" failures="0" tests="1" name="Signup" time="4.428" errors="0" timestamp="2022-09-19T12:30:59 IST" skipped="0">
  <testcase classname="Signup" name="test" time="4.428"/>
  <system-out/>
</testsuite> <!-- Signup -->
